<?xml version="1.0" encoding="UTF-8"?>
<!-- Generated by org.testng.reporters.JUnitXMLReporter -->
<testsuite hostname="DESKTOP-9VOPPEC" ignored="0" name="Default test" tests="3" failures="0" timestamp="2020-11-24T19:40:22 EST" time="164.682" errors="0">
  <testcase name="scenario1Test" time="20.2" classname="com.info6255.group6.selenium.SeleniumTests"/>
  <testcase name="scenario3Test" time="49.613" classname="com.info6255.group6.selenium.SeleniumTests"/>
  <testcase name="scenario5Test" time="75.346" classname="com.info6255.group6.selenium.SeleniumTests"/>
</testsuite> <!-- Default test -->
