<?xml version="1.0" encoding="UTF-8"?>
<testng-results skipped="0" failed="0" ignored="0" total="3" passed="3">
  <reporter-output>
  </reporter-output>
  <suite name="Default suite" duration-ms="145706" started-at="2020-11-24T16:15:49 EST" finished-at="2020-11-24T16:18:14 EST">
    <groups>
    </groups>
    <test name="Default test" duration-ms="145706" started-at="2020-11-24T16:15:49 EST" finished-at="2020-11-24T16:18:14 EST">
      <class name="com.info6255.group6.selenium.SeleniumTests">
        <test-method status="PASS" signature="beforeTest()[pri:0, instance:com.info6255.group6.selenium.SeleniumTests@3b088d51]" name="beforeTest" is-config="true" duration-ms="5686" started-at="2020-11-24T16:15:49 EST" finished-at="2020-11-24T16:15:54 EST">
          <reporter-output>
          </reporter-output>
        </test-method> <!-- beforeTest -->
        <test-method status="PASS" signature="beforeClass()[pri:0, instance:com.info6255.group6.selenium.SeleniumTests@3b088d51]" name="beforeClass" is-config="true" duration-ms="1" started-at="2020-11-24T16:15:54 EST" finished-at="2020-11-24T16:15:54 EST">
          <reporter-output>
          </reporter-output>
        </test-method> <!-- beforeClass -->
        <test-method status="PASS" signature="beforeTest()[pri:0, instance:com.info6255.group6.selenium.SeleniumTests@3b088d51]" name="beforeTest" is-config="true" duration-ms="2" started-at="2020-11-24T16:15:54 EST" finished-at="2020-11-24T16:15:54 EST">
          <reporter-output>
          </reporter-output>
        </test-method> <!-- beforeTest -->
        <test-method status="PASS" signature="scenario1Test()[pri:0, instance:com.info6255.group6.selenium.SeleniumTests@3b088d51]" name="scenario1Test" duration-ms="17214" started-at="2020-11-24T16:15:54 EST" finished-at="2020-11-24T16:16:12 EST">
          <reporter-output>
          </reporter-output>
        </test-method> <!-- scenario1Test -->
        <test-method status="PASS" signature="afterTest()[pri:0, instance:com.info6255.group6.selenium.SeleniumTests@3b088d51]" name="afterTest" is-config="true" duration-ms="799" started-at="2020-11-24T16:16:12 EST" finished-at="2020-11-24T16:16:12 EST">
          <reporter-output>
          </reporter-output>
        </test-method> <!-- afterTest -->
        <test-method status="PASS" signature="beforeTest()[pri:0, instance:com.info6255.group6.selenium.SeleniumTests@3b088d51]" name="beforeTest" is-config="true" duration-ms="5304" started-at="2020-11-24T16:16:12 EST" finished-at="2020-11-24T16:16:18 EST">
          <reporter-output>
          </reporter-output>
        </test-method> <!-- beforeTest -->
        <test-method status="PASS" signature="scenario3Test()[pri:1, instance:com.info6255.group6.selenium.SeleniumTests@3b088d51]" name="scenario3Test" duration-ms="42632" started-at="2020-11-24T16:16:18 EST" finished-at="2020-11-24T16:17:00 EST">
          <reporter-output>
          </reporter-output>
        </test-method> <!-- scenario3Test -->
        <test-method status="PASS" signature="afterTest()[pri:0, instance:com.info6255.group6.selenium.SeleniumTests@3b088d51]" name="afterTest" is-config="true" duration-ms="818" started-at="2020-11-24T16:17:00 EST" finished-at="2020-11-24T16:17:01 EST">
          <reporter-output>
          </reporter-output>
        </test-method> <!-- afterTest -->
        <test-method status="PASS" signature="beforeTest()[pri:0, instance:com.info6255.group6.selenium.SeleniumTests@3b088d51]" name="beforeTest" is-config="true" duration-ms="5264" started-at="2020-11-24T16:17:01 EST" finished-at="2020-11-24T16:17:06 EST">
          <reporter-output>
          </reporter-output>
        </test-method> <!-- beforeTest -->
        <test-method status="PASS" signature="scenario5Test()[pri:2, instance:com.info6255.group6.selenium.SeleniumTests@3b088d51]" name="scenario5Test" duration-ms="67077" started-at="2020-11-24T16:17:06 EST" finished-at="2020-11-24T16:18:13 EST">
          <reporter-output>
          </reporter-output>
        </test-method> <!-- scenario5Test -->
        <test-method status="PASS" signature="afterTest()[pri:0, instance:com.info6255.group6.selenium.SeleniumTests@3b088d51]" name="afterTest" is-config="true" duration-ms="855" started-at="2020-11-24T16:18:13 EST" finished-at="2020-11-24T16:18:14 EST">
          <reporter-output>
          </reporter-output>
        </test-method> <!-- afterTest -->
        <test-method status="FAIL" signature="afterTest()[pri:0, instance:com.info6255.group6.selenium.SeleniumTests@3b088d51]" name="afterTest" is-config="true" duration-ms="0" started-at="2020-11-24T16:18:14 EST" finished-at="2020-11-24T16:18:14 EST">
          <exception class="java.lang.NullPointerException">
            <full-stacktrace>
              <![CDATA[java.lang.NullPointerException
at com.info6255.group6.selenium.SeleniumTests.afterTest(SeleniumTests.java:97)
at sun.reflect.NativeMethodAccessorImpl.invoke0(Native Method)
at sun.reflect.NativeMethodAccessorImpl.invoke(NativeMethodAccessorImpl.java:62)
at sun.reflect.DelegatingMethodAccessorImpl.invoke(DelegatingMethodAccessorImpl.java:43)
at java.lang.reflect.Method.invoke(Method.java:498)
at org.testng.internal.MethodInvocationHelper.invokeMethod(MethodInvocationHelper.java:132)
at org.testng.internal.MethodInvocationHelper.invokeMethodConsideringTimeout(MethodInvocationHelper.java:61)
at org.testng.internal.ConfigInvoker.invokeConfigurationMethod(ConfigInvoker.java:366)
at org.testng.internal.ConfigInvoker.invokeConfigurations(ConfigInvoker.java:320)
at org.testng.TestRunner.invokeTestConfigurations(TestRunner.java:617)
at org.testng.TestRunner.afterRun(TestRunner.java:847)
at org.testng.TestRunner.run(TestRunner.java:588)
at org.testng.SuiteRunner.runTest(SuiteRunner.java:384)
at org.testng.SuiteRunner.runSequentially(SuiteRunner.java:378)
at org.testng.SuiteRunner.privateRun(SuiteRunner.java:337)
at org.testng.SuiteRunner.run(SuiteRunner.java:286)
at org.testng.SuiteRunnerWorker.runSuite(SuiteRunnerWorker.java:53)
at org.testng.SuiteRunnerWorker.run(SuiteRunnerWorker.java:96)
at org.testng.TestNG.runSuitesSequentially(TestNG.java:1218)
at org.testng.TestNG.runSuitesLocally(TestNG.java:1140)
at org.testng.TestNG.runSuites(TestNG.java:1069)
at org.testng.TestNG.run(TestNG.java:1037)
at org.testng.remote.AbstractRemoteTestNG.run(AbstractRemoteTestNG.java:115)
at org.testng.remote.RemoteTestNG.initAndRun(RemoteTestNG.java:251)
at org.testng.remote.RemoteTestNG.main(RemoteTestNG.java:77)
]]>
            </full-stacktrace>
          </exception> <!-- java.lang.NullPointerException -->
          <reporter-output>
          </reporter-output>
        </test-method> <!-- afterTest -->
      </class> <!-- com.info6255.group6.selenium.SeleniumTests -->
    </test> <!-- Default test -->
  </suite> <!-- Default suite -->
</testng-results>
